Epoch 1/30
Training: 100%|██████████| 5/5 [00:09<00:00,  1.82s/it, accuracy=1.08%, loss=0.0232]
Evaluating: 100%|██████████| 5/5 [00:04<00:00,  1.18it/s, accuracy=2.45%, loss=0.0226]
Train Loss: 4.7341, Train Accuracy: 1.08%
Val Loss: 4.6023, Val Accuracy: 2.45%

Epoch 2/30
Training: 100%|██████████| 5/5 [00:07<00:00,  1.58s/it, accuracy=4.61%, loss=0.0218]
Evaluating: 100%|██████████| 5/5 [00:04<00:00,  1.14it/s, accuracy=12.55%, loss=0.0222]
Train Loss: 4.4434, Train Accuracy: 4.61%
Val Loss: 4.5390, Val Accuracy: 12.55%

Epoch 3/30
Training: 100%|██████████| 5/5 [00:07<00:00,  1.60s/it, accuracy=15.10%, loss=0.0198]
Evaluating: 100%|██████████| 5/5 [00:04<00:00,  1.18it/s, accuracy=25.29%, loss=0.0218]
Train Loss: 4.0372, Train Accuracy: 15.10%
Val Loss: 4.4390, Val Accuracy: 25.29%

Epoch 4/30
Training: 100%|██████████| 5/5 [00:07<00:00,  1.58s/it, accuracy=26.37%, loss=0.0184]
Evaluating: 100%|██████████| 5/5 [00:04<00:00,  1.16it/s, accuracy=36.67%, loss=0.021]
Train Loss: 3.7552, Train Accuracy: 26.37%
Val Loss: 4.2801, Val Accuracy: 36.67%

Epoch 5/30
Training: 100%|██████████| 5/5 [00:08<00:00,  1.62s/it, accuracy=41.67%, loss=0.0169]
Evaluating: 100%|██████████| 5/5 [00:04<00:00,  1.15it/s, accuracy=45.98%, loss=0.0198]
Train Loss: 3.4456, Train Accuracy: 41.67%
Val Loss: 4.0302, Val Accuracy: 45.98%

Epoch 6/30
Training: 100%|██████████| 5/5 [00:08<00:00,  1.68s/it, accuracy=50.69%, loss=0.0156]
Evaluating: 100%|██████████| 5/5 [00:04<00:00,  1.18it/s, accuracy=53.73%, loss=0.0181]
Train Loss: 3.1817, Train Accuracy: 50.69%
Val Loss: 3.6991, Val Accuracy: 53.73%

Epoch 7/30
Training: 100%|██████████| 5/5 [00:07<00:00,  1.56s/it, accuracy=62.84%, loss=0.0142]
Evaluating: 100%|██████████| 5/5 [00:04<00:00,  1.15it/s, accuracy=58.04%, loss=0.0163]
Train Loss: 2.8962, Train Accuracy: 62.84%
Val Loss: 3.3272, Val Accuracy: 58.04%

Epoch 8/30
Training: 100%|██████████| 5/5 [00:07<00:00,  1.55s/it, accuracy=68.63%, loss=0.0137]
Evaluating: 100%|██████████| 5/5 [00:04<00:00,  1.04it/s, accuracy=62.55%, loss=0.0144]
Train Loss: 2.7977, Train Accuracy: 68.63%
Val Loss: 2.9340, Val Accuracy: 62.55%

Epoch 9/30
Training: 100%|██████████| 5/5 [00:07<00:00,  1.58s/it, accuracy=72.06%, loss=0.0119]
Evaluating: 100%|██████████| 5/5 [00:04<00:00,  1.18it/s, accuracy=66.57%, loss=0.0129]
Train Loss: 2.4370, Train Accuracy: 72.06%
Val Loss: 2.6332, Val Accuracy: 66.57%

Epoch 10/30
Training: 100%|██████████| 5/5 [00:07<00:00,  1.58s/it, accuracy=75.59%, loss=0.0111]
Evaluating: 100%|██████████| 5/5 [00:04<00:00,  1.16it/s, accuracy=68.92%, loss=0.0117]
Train Loss: 2.2658, Train Accuracy: 75.59%
Val Loss: 2.3865, Val Accuracy: 68.92%

Epoch 11/30
Training: 100%|██████████| 5/5 [00:07<00:00,  1.55s/it, accuracy=79.71%, loss=0.0101]
Evaluating: 100%|██████████| 5/5 [00:04<00:00,  1.15it/s, accuracy=71.57%, loss=0.0108]
Train Loss: 2.0508, Train Accuracy: 79.71%
Val Loss: 2.2026, Val Accuracy: 71.57%

Epoch 12/30
Training: 100%|██████████| 5/5 [00:07<00:00,  1.54s/it, accuracy=85.20%, loss=0.00903]
Evaluating: 100%|██████████| 5/5 [00:04<00:00,  1.16it/s, accuracy=74.41%, loss=0.0101]
Train Loss: 1.8426, Train Accuracy: 85.20%
Val Loss: 2.0523, Val Accuracy: 74.41%

Epoch 13/30
Training: 100%|██████████| 5/5 [00:07<00:00,  1.56s/it, accuracy=86.76%, loss=0.00832]
Evaluating: 100%|██████████| 5/5 [00:04<00:00,  1.13it/s, accuracy=76.18%, loss=0.00931]
Train Loss: 1.6981, Train Accuracy: 86.76%
Val Loss: 1.8994, Val Accuracy: 76.18%

Epoch 14/30
Training: 100%|██████████| 5/5 [00:08<00:00,  1.67s/it, accuracy=88.63%, loss=0.00749]
Evaluating: 100%|██████████| 5/5 [00:04<00:00,  1.15it/s, accuracy=78.53%, loss=0.00872]
Train Loss: 1.5278, Train Accuracy: 88.63%
Val Loss: 1.7795, Val Accuracy: 78.53%

Epoch 15/30
Training: 100%|██████████| 5/5 [00:08<00:00,  1.61s/it, accuracy=90.49%, loss=0.00686]
Evaluating: 100%|██████████| 5/5 [00:04<00:00,  1.16it/s, accuracy=79.90%, loss=0.00818]
Train Loss: 1.3996, Train Accuracy: 90.49%
Val Loss: 1.6686, Val Accuracy: 79.90%

Epoch 16/30
Training: 100%|██████████| 5/5 [00:07<00:00,  1.59s/it, accuracy=91.27%, loss=0.00652]
Evaluating: 100%|██████████| 5/5 [00:04<00:00,  1.08it/s, accuracy=81.96%, loss=0.00754]
Train Loss: 1.3303, Train Accuracy: 91.27%
Val Loss: 1.5392, Val Accuracy: 81.96%

Epoch 17/30
Training: 100%|██████████| 5/5 [00:07<00:00,  1.59s/it, accuracy=93.14%, loss=0.0058]
Evaluating: 100%|██████████| 5/5 [00:04<00:00,  1.14it/s, accuracy=83.82%, loss=0.00701]
Train Loss: 1.1832, Train Accuracy: 93.14%
Val Loss: 1.4307, Val Accuracy: 83.82%

Epoch 18/30
Training: 100%|██████████| 5/5 [00:07<00:00,  1.59s/it, accuracy=94.41%, loss=0.0054]
Evaluating: 100%|██████████| 5/5 [00:04<00:00,  1.15it/s, accuracy=84.80%, loss=0.00661]
Train Loss: 1.1014, Train Accuracy: 94.41%
Val Loss: 1.3492, Val Accuracy: 84.80%

Epoch 19/30
Training: 100%|██████████| 5/5 [00:08<00:00,  1.62s/it, accuracy=96.57%, loss=0.00475]
Evaluating: 100%|██████████| 5/5 [00:04<00:00,  1.15it/s, accuracy=85.29%, loss=0.00627]
Train Loss: 0.9686, Train Accuracy: 96.57%
Val Loss: 1.2787, Val Accuracy: 85.29%

Epoch 20/30
Training: 100%|██████████| 5/5 [00:08<00:00,  1.61s/it, accuracy=97.35%, loss=0.00422]
Evaluating: 100%|██████████| 5/5 [00:04<00:00,  1.14it/s, accuracy=85.98%, loss=0.00593]
Train Loss: 0.8611, Train Accuracy: 97.35%
Val Loss: 1.2095, Val Accuracy: 85.98%

Epoch 21/30
Training: 100%|██████████| 5/5 [00:07<00:00,  1.60s/it, accuracy=96.76%, loss=0.00384]
Evaluating: 100%|██████████| 5/5 [00:04<00:00,  1.09it/s, accuracy=86.76%, loss=0.00573]
Train Loss: 0.7836, Train Accuracy: 96.76%
Val Loss: 1.1690, Val Accuracy: 86.76%

Epoch 22/30
Training: 100%|██████████| 5/5 [00:07<00:00,  1.55s/it, accuracy=97.94%, loss=0.00371]
Evaluating: 100%|██████████| 5/5 [00:04<00:00,  1.13it/s, accuracy=88.04%, loss=0.00547]
Train Loss: 0.7567, Train Accuracy: 97.94%
Val Loss: 1.1157, Val Accuracy: 88.04%

Epoch 23/30
Training: 100%|██████████| 5/5 [00:07<00:00,  1.60s/it, accuracy=98.04%, loss=0.00315]
Evaluating: 100%|██████████| 5/5 [00:04<00:00,  1.14it/s, accuracy=88.43%, loss=0.0053]
Train Loss: 0.6417, Train Accuracy: 98.04%
Val Loss: 1.0808, Val Accuracy: 88.43%

Epoch 24/30
Training: 100%|██████████| 5/5 [00:07<00:00,  1.60s/it, accuracy=98.53%, loss=0.00262]
Evaluating: 100%|██████████| 5/5 [00:04<00:00,  1.14it/s, accuracy=88.82%, loss=0.00514]
Train Loss: 0.5353, Train Accuracy: 98.53%
Val Loss: 1.0483, Val Accuracy: 88.82%

Epoch 25/30
Training: 100%|██████████| 5/5 [00:08<00:00,  1.61s/it, accuracy=98.92%, loss=0.00251]
Evaluating: 100%|██████████| 5/5 [00:04<00:00,  1.16it/s, accuracy=89.12%, loss=0.00487]
Train Loss: 0.5129, Train Accuracy: 98.92%
Val Loss: 0.9928, Val Accuracy: 89.12%

Epoch 26/30
Training: 100%|██████████| 5/5 [00:07<00:00,  1.56s/it, accuracy=98.73%, loss=0.00235]
Evaluating: 100%|██████████| 5/5 [00:04<00:00,  1.15it/s, accuracy=89.41%, loss=0.00462]
Train Loss: 0.4794, Train Accuracy: 98.73%
Val Loss: 0.9420, Val Accuracy: 89.41%

Epoch 27/30
Training: 100%|██████████| 5/5 [00:08<00:00,  1.68s/it, accuracy=98.82%, loss=0.00214]
Evaluating: 100%|██████████| 5/5 [00:04<00:00,  1.14it/s, accuracy=89.71%, loss=0.00448]
Train Loss: 0.4367, Train Accuracy: 98.82%
Val Loss: 0.9149, Val Accuracy: 89.71%

Epoch 28/30
Training: 100%|██████████| 5/5 [00:07<00:00,  1.59s/it, accuracy=98.82%, loss=0.00195]
Evaluating: 100%|██████████| 5/5 [00:04<00:00,  1.15it/s, accuracy=89.61%, loss=0.0043]
Train Loss: 0.3980, Train Accuracy: 98.82%
Val Loss: 0.8772, Val Accuracy: 89.61%

Epoch 29/30
Training: 100%|██████████| 5/5 [00:07<00:00,  1.58s/it, accuracy=99.02%, loss=0.00185]
Evaluating: 100%|██████████| 5/5 [00:04<00:00,  1.17it/s, accuracy=89.51%, loss=0.00408]
Train Loss: 0.3770, Train Accuracy: 99.02%
Val Loss: 0.8331, Val Accuracy: 89.51%

Epoch 30/30
Training: 100%|██████████| 5/5 [00:07<00:00,  1.56s/it, accuracy=99.31%, loss=0.00167]
Evaluating: 100%|██████████| 5/5 [00:04<00:00,  1.15it/s, accuracy=90.00%, loss=0.004]
Train Loss: 0.3414, Train Accuracy: 99.31%
Val Loss: 0.8150, Val Accuracy: 90.00%

Best Validation Accuracy: 90.00%
Saved model to ./best_model.pth
Testing: 100%|██████████| 25/25 [00:19<00:00,  1.29it/s, loss=22.6]

Loss: 0.9042
Accuracy: 0.8782
Precision: 0.8677
Recall: 0.9001
F1 Score: 0.8776